.++++++++++++++++++++++++++++++++++++++++++++++++++++++++++++++.
.------------------- TASTYIGNITER SETUP LOG ------------------.
.++++++++++++++++++++++++++++++++++++++++++++++++++++++++++++++.
[2023/07/31 12:35:55] => Host: Windows NT DESKTOP-2SA1BQ6 10.0 build 19044 (Windows 10) AMD64
[2023/07/31 12:35:55] => PHP version: 8.0.25
[2023/07/31 12:35:55] => Server software: Apache/2.4.54 (Win64) OpenSSL/1.1.1p PHP/8.0.25
[2023/07/31 12:35:55] => Operating system: WINNT
[2023/07/31 12:35:55] => Memory limit: 512M
[2023/07/31 12:35:55] => Max execution time: 300
[2023/07/31 12:36:02] => .============================ POST REQUEST ==========================.
[2023/07/31 12:36:02] => Postback payload: Array
(
    [license_agreed] => accepted
    [code] => php
    [handler] => onCheckRequirements
)

[2023/07/31 12:36:02] => System check: php
[2023/07/31 12:36:02] => Requirement php +OK
[2023/07/31 12:36:02] => Execute handler (onCheckRequirements): Array
(
    [result] => 1
)

[2023/07/31 12:36:04] => .============================ POST REQUEST ==========================.
[2023/07/31 12:36:04] => Postback payload: Array
(
    [license_agreed] => accepted
    [code] => pdo
    [handler] => onCheckRequirements
)

[2023/07/31 12:36:04] => System check: pdo
[2023/07/31 12:36:04] => Requirement pdo +OK
[2023/07/31 12:36:04] => Execute handler (onCheckRequirements): Array
(
    [result] => 1
)

[2023/07/31 12:36:05] => .============================ POST REQUEST ==========================.
[2023/07/31 12:36:05] => Postback payload: Array
(
    [license_agreed] => accepted
    [code] => curl
    [handler] => onCheckRequirements
)

[2023/07/31 12:36:05] => System check: curl
[2023/07/31 12:36:05] => Requirement curl +OK
[2023/07/31 12:36:05] => Execute handler (onCheckRequirements): Array
(
    [result] => 1
)

[2023/07/31 12:36:07] => .============================ POST REQUEST ==========================.
[2023/07/31 12:36:07] => Postback payload: Array
(
    [license_agreed] => accepted
    [code] => connection
    [handler] => onCheckRequirements
)

[2023/07/31 12:36:07] => System check: connection
[2023/07/31 12:36:07] => Server request: ping
[2023/07/31 12:36:08] => Request information: Array
(
    [url] => https://api.tastyigniter.com/v2/ping
    [content_type] => application/json
    [http_code] => 200
    [header_size] => 782
    [request_size] => 135
    [filetime] => -1
    [ssl_verify_result] => 0
    [redirect_count] => 0
    [total_time] => 0.676038
    [namelookup_time] => 0.146292
    [connect_time] => 0.212666
    [pretransfer_time] => 0.366284
    [size_upload] => 145
    [size_download] => 17
    [speed_download] => 25
    [speed_upload] => 214
    [download_content_length] => 17
    [upload_content_length] => 145
    [starttransfer_time] => 0.366302
    [redirect_time] => 0
    [redirect_url] => 
    [primary_ip] => 172.67.132.198
    [certinfo] => Array
        (
        )

    [primary_port] => 443
    [local_ip] => 192.168.39.136
    [local_port] => 55394
    [http_version] => 3
    [protocol] => 2
    [ssl_verifyresult] => 0
    [scheme] => HTTPS
    [appconnect_time_us] => 365720
    [connect_time_us] => 212666
    [namelookup_time_us] => 146292
    [pretransfer_time_us] => 366284
    [redirect_time_us] => 0
    [starttransfer_time_us] => 366302
    [total_time_us] => 676038
)

[2023/07/31 12:36:08] => Requirement connection +OK
[2023/07/31 12:36:08] => Execute handler (onCheckRequirements): Array
(
    [result] => 1
)

[2023/07/31 12:36:09] => .============================ POST REQUEST ==========================.
[2023/07/31 12:36:09] => Postback payload: Array
(
    [license_agreed] => accepted
    [code] => mbstring
    [handler] => onCheckRequirements
)

[2023/07/31 12:36:09] => System check: mbstring
[2023/07/31 12:36:09] => Requirement mbstring +OK
[2023/07/31 12:36:09] => Execute handler (onCheckRequirements): Array
(
    [result] => 1
)

[2023/07/31 12:36:11] => .============================ POST REQUEST ==========================.
[2023/07/31 12:36:11] => Postback payload: Array
(
    [license_agreed] => accepted
    [code] => ssl
    [handler] => onCheckRequirements
)

[2023/07/31 12:36:11] => System check: ssl
[2023/07/31 12:36:11] => Requirement ssl +OK
[2023/07/31 12:36:11] => Execute handler (onCheckRequirements): Array
(
    [result] => 1
)

[2023/07/31 12:36:12] => .============================ POST REQUEST ==========================.
[2023/07/31 12:36:12] => Postback payload: Array
(
    [license_agreed] => accepted
    [code] => gd
    [handler] => onCheckRequirements
)

[2023/07/31 12:36:12] => System check: gd
[2023/07/31 12:36:12] => Requirement gd +OK
[2023/07/31 12:36:12] => Execute handler (onCheckRequirements): Array
(
    [result] => 1
)

[2023/07/31 12:36:14] => .============================ POST REQUEST ==========================.
[2023/07/31 12:36:14] => Postback payload: Array
(
    [license_agreed] => accepted
    [code] => zip
    [handler] => onCheckRequirements
)

[2023/07/31 12:36:14] => System check: zip
[2023/07/31 12:36:14] => Requirement zip +OK
[2023/07/31 12:36:14] => Execute handler (onCheckRequirements): Array
(
    [result] => 1
)

[2023/07/31 12:36:15] => .============================ POST REQUEST ==========================.
[2023/07/31 12:36:15] => Postback payload: Array
(
    [license_agreed] => accepted
    [code] => writable
    [handler] => onCheckRequirements
)

[2023/07/31 12:36:15] => System check: writable
[2023/07/31 12:36:15] => Requirement writable +OK
[2023/07/31 12:36:15] => Execute handler (onCheckRequirements): Array
(
    [result] => 1
)

[2023/07/31 12:36:20] => .============================ POST REQUEST ==========================.
[2023/07/31 12:36:20] => Postback payload: Array
(
    [license_agreed] => accepted
    [requirement] => complete
    [handler] => onCompleteRequirements
)

[2023/07/31 12:36:20] => License Agreement: accepted
[2023/07/31 12:36:20] => Execute handler (onCompleteRequirements): Array
(
    [step] => database
)

[2023/07/31 12:41:22] => .============================ POST REQUEST ==========================.
[2023/07/31 12:41:22] => Postback payload: Array
(
    [disableLog] => 1
)

[2023/07/31 12:41:22] => Database check: torta
[2023/07/31 12:41:22] => Database torta +OK
[2023/07/31 12:41:22] => Execute handler (onCheckDatabase): Array
(
    [step] => settings
    [settingsInstalled] => 
)

[2023/07/31 12:42:25] => .============================ POST REQUEST ==========================.
[2023/07/31 12:42:25] => Postback payload: Array
(
    [disableLog] => 1
)

[2023/07/31 12:42:25] => Settings check: simon parilla
[2023/07/31 12:42:25] => Settings +OK
[2023/07/31 12:42:25] => Execute handler (onValidateSettings): Array
(
    [step] => install
)

[2023/07/31 12:42:27] => .============================ POST REQUEST ==========================.
[2023/07/31 12:42:27] => Postback payload: Array
(
    [disableLog] => 1
)

[2023/07/31 12:42:27] => Foundation setup: apply
[2023/07/31 12:42:27] => Server request: item/detail
[2023/07/31 12:42:28] => Request information: Array
(
    [url] => https://api.tastyigniter.com/v2/item/detail
    [content_type] => application/json
    [http_code] => 200
    [header_size] => 803
    [request_size] => 142
    [filetime] => -1
    [ssl_verify_result] => 0
    [redirect_count] => 0
    [total_time] => 0.876333
    [namelookup_time] => 0.169987
    [connect_time] => 0.24024
    [pretransfer_time] => 0.353002
    [size_upload] => 235
    [size_download] => 496
    [speed_download] => 566
    [speed_upload] => 268
    [download_content_length] => 496
    [upload_content_length] => 235
    [starttransfer_time] => 0.353022
    [redirect_time] => 0
    [redirect_url] => 
    [primary_ip] => 104.21.5.26
    [certinfo] => Array
        (
        )

    [primary_port] => 443
    [local_ip] => 192.168.39.136
    [local_port] => 55443
    [http_version] => 3
    [protocol] => 2
    [ssl_verifyresult] => 0
    [scheme] => HTTPS
    [appconnect_time_us] => 352628
    [connect_time_us] => 240240
    [namelookup_time_us] => 169987
    [pretransfer_time_us] => 353002
    [redirect_time_us] => 0
    [starttransfer_time_us] => 353022
    [total_time_us] => 876333
)

[2023/07/31 12:42:28] => Server request: core/install
[2023/07/31 12:42:28] => Request information: Array
(
    [url] => https://api.tastyigniter.com/v2/core/install
    [content_type] => application/json
    [http_code] => 200
    [header_size] => 798
    [request_size] => 143
    [filetime] => -1
    [ssl_verify_result] => 0
    [redirect_count] => 0
    [total_time] => 0.510543
    [namelookup_time] => 0.001043
    [connect_time] => 0.073185
    [pretransfer_time] => 0.224952
    [size_upload] => 235
    [size_download] => 760
    [speed_download] => 1490
    [speed_upload] => 460
    [download_content_length] => 760
    [upload_content_length] => 235
    [starttransfer_time] => 0.224963
    [redirect_time] => 0
    [redirect_url] => 
    [primary_ip] => 104.21.5.26
    [certinfo] => Array
        (
        )

    [primary_port] => 443
    [local_ip] => 192.168.39.136
    [local_port] => 55448
    [http_version] => 3
    [protocol] => 2
    [ssl_verifyresult] => 0
    [scheme] => HTTPS
    [appconnect_time_us] => 224725
    [connect_time_us] => 73185
    [namelookup_time_us] => 1043
    [pretransfer_time_us] => 224952
    [redirect_time_us] => 0
    [starttransfer_time_us] => 224963
    [total_time_us] => 510543
)

[2023/07/31 12:42:28] => Foundation setup: apply +OK
[2023/07/31 12:42:28] => Execute handler (onInstall): Array
(
    [result] => Array
        (
            [download] => Array
                (
                    [0] => Array
                        (
                            [action] => install
                            [process] => downloadCore
                            [code] => tastyigniter
                            [name] => TastyIgniter
                            [author] => Samuel Adepoyigi
                            [description] => Powerful, yet easy to use, open source online food ordering, table reservation and restaurant management system
                            [icon] => icon-logo icon-ti-text-logo
                            [type] => core
                            [hash] => 6b309c1fffd929198f7769e85d1fd2f267e08aa3
                            [version] => v3.7.2
                            [package] => 
                            [published_at] => 2023-06-19T15:48:37.000000Z
                        )

                    [1] => Array
                        (
                            [action] => install
                            [process] => downloadTheme
                            [code] => tastyigniter-orange
                            [name] => Orange Theme
                            [author] => TastyIgniter Dev Team
                            [description] => Free Modern, Responsive and Clean TastyIgniter Theme based on Bootstrap.
                            [icon] => fa-paint-brush
                            [type] => theme
                            [hash] => 1d5cc97fdb551e152fb9ff016fc73b8a48e8ff47
                            [version] => v3.2.2
                            [package] => tastyigniter/ti-theme-orange
                            [published_at] => 2023-06-19T16:21:01.000000Z
                        )

                )

            [extract] => Array
                (
                    [0] => Array
                        (
                            [action] => install
                            [process] => extractCore
                            [code] => tastyigniter
                            [name] => TastyIgniter
                            [author] => Samuel Adepoyigi
                            [description] => Powerful, yet easy to use, open source online food ordering, table reservation and restaurant management system
                            [icon] => icon-logo icon-ti-text-logo
                            [type] => core
                            [hash] => 6b309c1fffd929198f7769e85d1fd2f267e08aa3
                            [version] => v3.7.2
                            [package] => 
                            [published_at] => 2023-06-19T15:48:37.000000Z
                        )

                    [1] => Array
                        (
                            [action] => install
                            [process] => extractTheme
                            [code] => tastyigniter-orange
                            [name] => Orange Theme
                            [author] => TastyIgniter Dev Team
                            [description] => Free Modern, Responsive and Clean TastyIgniter Theme based on Bootstrap.
                            [icon] => fa-paint-brush
                            [type] => theme
                            [hash] => 1d5cc97fdb551e152fb9ff016fc73b8a48e8ff47
                            [version] => v3.2.2
                            [package] => tastyigniter/ti-theme-orange
                            [published_at] => 2023-06-19T16:21:01.000000Z
                        )

                )

            [config] => Array
                (
                    [0] => Array
                        (
                            [items] => Array
                                (
                                    [0] => Array
                                        (
                                            [code] => tastyigniter
                                            [name] => TastyIgniter
                                            [author] => Samuel Adepoyigi
                                            [description] => Powerful, yet easy to use, open source online food ordering, table reservation and restaurant management system
                                            [icon] => icon-logo icon-ti-text-logo
                                            [type] => core
                                            [hash] => 6b309c1fffd929198f7769e85d1fd2f267e08aa3
                                            [version] => v3.7.2
                                            [package] => 
                                            [published_at] => 2023-06-19T15:48:37.000000Z
                                        )

                                    [1] => Array
                                        (
                                            [code] => tastyigniter-orange
                                            [name] => Orange Theme
                                            [author] => TastyIgniter Dev Team
                                            [description] => Free Modern, Responsive and Clean TastyIgniter Theme based on Bootstrap.
                                            [icon] => fa-paint-brush
                                            [type] => theme
                                            [hash] => 1d5cc97fdb551e152fb9ff016fc73b8a48e8ff47
                                            [version] => v3.2.2
                                            [package] => tastyigniter/ti-theme-orange
                                            [published_at] => 2023-06-19T16:21:01.000000Z
                                        )

                                )

                            [process] => writeConfig
                        )

                )

            [install] => Array
                (
                    [0] => Array
                        (
                            [items] => Array
                                (
                                    [0] => Array
                                        (
                                            [code] => tastyigniter
                                            [name] => TastyIgniter
                                            [author] => Samuel Adepoyigi
                                            [description] => Powerful, yet easy to use, open source online food ordering, table reservation and restaurant management system
                                            [icon] => icon-logo icon-ti-text-logo
                                            [type] => core
                                            [hash] => 6b309c1fffd929198f7769e85d1fd2f267e08aa3
                                            [version] => v3.7.2
                                            [package] => 
                                            [published_at] => 2023-06-19T15:48:37.000000Z
                                        )

                                    [1] => Array
                                        (
                                            [code] => tastyigniter-orange
                                            [name] => Orange Theme
                                            [author] => TastyIgniter Dev Team
                                            [description] => Free Modern, Responsive and Clean TastyIgniter Theme based on Bootstrap.
                                            [icon] => fa-paint-brush
                                            [type] => theme
                                            [hash] => 1d5cc97fdb551e152fb9ff016fc73b8a48e8ff47
                                            [version] => v3.2.2
                                            [package] => tastyigniter/ti-theme-orange
                                            [published_at] => 2023-06-19T16:21:01.000000Z
                                        )

                                )

                            [process] => finishInstall
                        )

                )

        )

)

[2023/07/31 12:42:28] => .============================ POST REQUEST ==========================.
[2023/07/31 12:42:28] => Postback payload: Array
(
    [disableLog] => 1
)

[2023/07/31 12:42:28] => Foundation setup: downloadCore
[2023/07/31 12:42:53] => Downloaded file (tastyigniter) to C:\xampp\htdocs\torta\setup/temp/ef0eaeec4a461084eb2522e05b439f26.zip
[2023/07/31 12:42:53] => Foundation setup: downloadCore +OK
[2023/07/31 12:42:53] => Execute handler (onInstall): Array
(
    [result] => 1
)

[2023/07/31 12:42:53] => .============================ POST REQUEST ==========================.
[2023/07/31 12:42:53] => Postback payload: Array
(
    [disableLog] => 1
)

[2023/07/31 12:42:53] => Foundation setup: downloadTheme
[2023/07/31 12:42:57] => Downloaded file (tastyigniter-orange) to C:\xampp\htdocs\torta\setup/temp/d524ceb31a7e131d7d22e6398a45a960.zip
[2023/07/31 12:42:57] => Foundation setup: downloadTheme +OK
[2023/07/31 12:42:57] => Execute handler (onInstall): Array
(
    [result] => 1
)

[2023/07/31 12:42:57] => .============================ POST REQUEST ==========================.
[2023/07/31 12:42:57] => Postback payload: Array
(
    [disableLog] => 1
)

[2023/07/31 12:42:57] => Foundation setup: extractCore
[2023/07/31 12:42:57] => Extracting [tastyigniter] file ef0eaeec4a461084eb2522e05b439f26.zip
[2023/07/31 12:43:42] => Foundation setup: extractCore +OK
[2023/07/31 12:43:42] => Execute handler (onInstall): Array
(
    [result] => 1
)

[2023/07/31 12:43:42] => .============================ POST REQUEST ==========================.
[2023/07/31 12:43:42] => Postback payload: Array
(
    [disableLog] => 1
)

[2023/07/31 12:43:42] => Foundation setup: extractTheme
[2023/07/31 12:43:42] => Extracting [tastyigniter-orange] file d524ceb31a7e131d7d22e6398a45a960.zip
[2023/07/31 12:43:43] => Foundation setup: extractTheme +OK
[2023/07/31 12:43:43] => Execute handler (onInstall): Array
(
    [result] => 1
)

[2023/07/31 12:43:43] => .============================ POST REQUEST ==========================.
[2023/07/31 12:43:43] => Postback payload: Array
(
    [disableLog] => 1
)

[2023/07/31 12:43:43] => Foundation setup: writeConfig
[2023/07/30 10:43:44] => Foundation setup: writeConfig +OK
[2023/07/30 10:43:44] => Execute handler (onInstall): Array
(
    [result] => 1
)

[2023/07/31 12:43:44] => .============================ POST REQUEST ==========================.
[2023/07/31 12:43:44] => Postback payload: Array
(
    [disableLog] => 1
)

[2023/07/31 12:43:44] => Foundation setup: finishInstall
[2023/07/30 10:46:27] => Foundation setup: finishInstall +OK
[2023/07/30 10:46:27] => Execute handler (onInstall): Array
(
    [result] => http://localhost/torta/admin/login
)

